<?xml version="1.0" encoding="UTF-8"?>
<!-- Generated by org.testng.reporters.JUnitReportReporter -->
<testsuite hostname="LAPTOP-9O068DHJ" failures="0" tests="13" name="com.salesforceseleniumtest.SalesForceAutomationTestScript1" time="11.475" errors="0" timestamp="2023-06-15T11:07:43 EDT" skipped="12">
  <testcase classname="com.salesforceseleniumtest.SalesForceAutomationTestScript1" name="createdContactInTheContactPage" time="11.475"/>
  <system-out/>
  <testcase classname="com.salesforceseleniumtest.SalesForceAutomationTestScript1" name="verifyTabCustomization">
    <skipped/>
  </testcase> <!-- verifyTabCustomization -->
  <system-out/>
  <testcase classname="com.salesforceseleniumtest.SalesForceAutomationTestScript1" name="createNewContact">
    <skipped/>
  </testcase> <!-- createNewContact -->
  <system-out/>
  <testcase classname="com.salesforceseleniumtest.SalesForceAutomationTestScript1" name="name">
    <skipped/>
  </testcase> <!-- name -->
  <system-out/>
  <testcase classname="com.salesforceseleniumtest.SalesForceAutomationTestScript1" name="todaysLeadsWork">
    <skipped/>
  </testcase> <!-- todaysLeadsWork -->
  <system-out/>
  <testcase classname="com.salesforceseleniumtest.SalesForceAutomationTestScript1" name="newViewContactPage">
    <skipped/>
  </testcase> <!-- newViewContactPage -->
  <system-out/>
  <testcase classname="com.salesforceseleniumtest.SalesForceAutomationTestScript1" name="checkMyContacts">
    <skipped/>
  </testcase> <!-- checkMyContacts -->
  <system-out/>
  <testcase classname="com.salesforceseleniumtest.SalesForceAutomationTestScript1" name="leadsSelectView">
    <skipped/>
  </testcase> <!-- leadsSelectView -->
  <system-out/>
  <testcase classname="com.salesforceseleniumtest.SalesForceAutomationTestScript1" name="leadsTab">
    <skipped/>
  </testcase> <!-- leadsTab -->
  <system-out/>
  <testcase classname="com.salesforceseleniumtest.SalesForceAutomationTestScript1" name="defaultView">
    <skipped/>
  </testcase> <!-- defaultView -->
  <system-out/>
  <testcase classname="com.salesforceseleniumtest.SalesForceAutomationTestScript1" name="blockingEventInCalender">
    <skipped/>
  </testcase> <!-- blockingEventInCalender -->
  <system-out/>
  <testcase classname="com.salesforceseleniumtest.SalesForceAutomationTestScript1" name="checkTheSaveAndNewButtonWorks">
    <skipped/>
  </testcase> <!-- checkTheSaveAndNewButtonWorks -->
  <system-out/>
  <testcase classname="com.salesforceseleniumtest.SalesForceAutomationTestScript1" name="newButton">
    <skipped/>
  </testcase> <!-- newButton -->
  <system-out/>
</testsuite> <!-- com.salesforceseleniumtest.SalesForceAutomationTestScript1 -->
