<?xml version="1.0" encoding="UTF-8"?>
<!-- Generated by org.testng.reporters.JUnitReportReporter -->
<testsuite hostname="LAPTOP-9O068DHJ" failures="0" tests="18" name="com.salesforceseleniumtest.SalesForceAutomationTestScript1" time="0.975" errors="1" timestamp="2023-06-15T08:25:42 EDT" skipped="17">
  <testcase classname="com.salesforceseleniumtest.SalesForceAutomationTestScript1" name="setBeforeTestMethod" time="0.975">
    <error type="java.lang.NullPointerException">
      <![CDATA[java.lang.NullPointerException
at com.salesforceseleniumtest.SalesForceBaseClass.launchBrowser(SalesForceBaseClass.java:76)
at com.salesforceseleniumtest.SalesForceBaseClass.setBeforeTestMethod(SalesForceBaseClass.java:65)
at java.base/jdk.internal.reflect.NativeMethodAccessorImpl.invoke0(Native Method)
at java.base/jdk.internal.reflect.NativeMethodAccessorImpl.invoke(NativeMethodAccessorImpl.java:62)
at java.base/jdk.internal.reflect.DelegatingMethodAccessorImpl.invoke(DelegatingMethodAccessorImpl.java:43)
at java.base/java.lang.reflect.Method.invoke(Method.java:566)
at org.testng.internal.invokers.MethodInvocationHelper.invokeMethod(MethodInvocationHelper.java:139)
at org.testng.internal.invokers.MethodInvocationHelper.invokeMethodConsideringTimeout(MethodInvocationHelper.java:69)
at org.testng.internal.invokers.ConfigInvoker.invokeConfigurationMethod(ConfigInvoker.java:361)
at org.testng.internal.invokers.ConfigInvoker.invokeConfigurations(ConfigInvoker.java:296)
at org.testng.internal.invokers.TestInvoker.runConfigMethods(TestInvoker.java:823)
at org.testng.internal.invokers.TestInvoker.invokeMethod(TestInvoker.java:590)
at org.testng.internal.invokers.TestInvoker.invokeTestMethod(TestInvoker.java:221)
at org.testng.internal.invokers.MethodRunner.runInSequence(MethodRunner.java:50)
at org.testng.internal.invokers.TestInvoker$MethodInvocationAgent.invoke(TestInvoker.java:969)
at org.testng.internal.invokers.TestInvoker.invokeTestMethods(TestInvoker.java:194)
at org.testng.internal.invokers.TestMethodWorker.invokeTestMethods(TestMethodWorker.java:148)
at org.testng.internal.invokers.TestMethodWorker.run(TestMethodWorker.java:128)
at java.base/java.util.ArrayList.forEach(ArrayList.java:1541)
at org.testng.TestRunner.privateRun(TestRunner.java:829)
at org.testng.TestRunner.run(TestRunner.java:602)
at org.testng.SuiteRunner.runTest(SuiteRunner.java:437)
at org.testng.SuiteRunner.runSequentially(SuiteRunner.java:431)
at org.testng.SuiteRunner.privateRun(SuiteRunner.java:391)
at org.testng.SuiteRunner.run(SuiteRunner.java:330)
at org.testng.SuiteRunnerWorker.runSuite(SuiteRunnerWorker.java:52)
at org.testng.SuiteRunnerWorker.run(SuiteRunnerWorker.java:95)
at org.testng.TestNG.runSuitesSequentially(TestNG.java:1256)
at org.testng.TestNG.runSuitesLocally(TestNG.java:1176)
at org.testng.TestNG.runSuites(TestNG.java:1099)
at org.testng.TestNG.run(TestNG.java:1067)
at org.apache.maven.surefire.testng.TestNGExecutor.run(TestNGExecutor.java:283)
at org.apache.maven.surefire.testng.TestNGXmlTestSuite.execute(TestNGXmlTestSuite.java:75)
at org.apache.maven.surefire.testng.TestNGProvider.invoke(TestNGProvider.java:120)
at org.apache.maven.surefire.booter.ForkedBooter.invokeProviderInSameClassLoader(ForkedBooter.java:384)
at org.apache.maven.surefire.booter.ForkedBooter.runSuitesInProcess(ForkedBooter.java:345)
at org.apache.maven.surefire.booter.ForkedBooter.execute(ForkedBooter.java:126)
at org.apache.maven.surefire.booter.ForkedBooter.main(ForkedBooter.java:418)
]]>
    </error>
  </testcase> <!-- setBeforeTestMethod -->
  <system-out/>
  <testcase classname="com.salesforceseleniumtest.SalesForceAutomationTestScript1" name="verifyFirstNmeLastNme" time="0.000">
    <skipped/>
  </testcase> <!-- verifyFirstNmeLastNme -->
  <system-out/>
  <testcase classname="com.salesforceseleniumtest.SalesForceAutomationTestScript1" name="cancelButtonWorks" time="0.000">
    <skipped/>
  </testcase> <!-- cancelButtonWorks -->
  <system-out/>
  <testcase classname="com.salesforceseleniumtest.SalesForceAutomationTestScript1" name="checkErrormessage" time="0.000">
    <skipped/>
  </testcase> <!-- checkErrormessage -->
  <system-out/>
  <testcase classname="com.salesforceseleniumtest.SalesForceAutomationTestScript1" name="verifyEditedLastName" time="0.000">
    <skipped/>
  </testcase> <!-- verifyEditedLastName -->
  <system-out/>
  <testcase classname="com.salesforceseleniumtest.SalesForceAutomationTestScript1" name="createNewContact">
    <skipped/>
  </testcase> <!-- createNewContact -->
  <system-out/>
  <testcase classname="com.salesforceseleniumtest.SalesForceAutomationTestScript1" name="newViewContactPage">
    <skipped/>
  </testcase> <!-- newViewContactPage -->
  <system-out/>
  <testcase classname="com.salesforceseleniumtest.SalesForceAutomationTestScript1" name="verifyTabCustomization">
    <skipped/>
  </testcase> <!-- verifyTabCustomization -->
  <system-out/>
  <testcase classname="com.salesforceseleniumtest.SalesForceAutomationTestScript1" name="createdContactInTheContactPage">
    <skipped/>
  </testcase> <!-- createdContactInTheContactPage -->
  <system-out/>
  <testcase classname="com.salesforceseleniumtest.SalesForceAutomationTestScript1" name="checkMyContacts">
    <skipped/>
  </testcase> <!-- checkMyContacts -->
  <system-out/>
  <testcase classname="com.salesforceseleniumtest.SalesForceAutomationTestScript1" name="checkTheSaveAndNewButtonWorks">
    <skipped/>
  </testcase> <!-- checkTheSaveAndNewButtonWorks -->
  <system-out/>
  <testcase classname="com.salesforceseleniumtest.SalesForceAutomationTestScript1" name="blockingEventInCalender">
    <skipped/>
  </testcase> <!-- blockingEventInCalender -->
  <system-out/>
  <testcase classname="com.salesforceseleniumtest.SalesForceAutomationTestScript1" name="newButton">
    <skipped/>
  </testcase> <!-- newButton -->
  <system-out/>
  <testcase classname="com.salesforceseleniumtest.SalesForceAutomationTestScript1" name="defaultView">
    <skipped/>
  </testcase> <!-- defaultView -->
  <system-out/>
  <testcase classname="com.salesforceseleniumtest.SalesForceAutomationTestScript1" name="leadsSelectView">
    <skipped/>
  </testcase> <!-- leadsSelectView -->
  <system-out/>
  <testcase classname="com.salesforceseleniumtest.SalesForceAutomationTestScript1" name="name">
    <skipped/>
  </testcase> <!-- name -->
  <system-out/>
  <testcase classname="com.salesforceseleniumtest.SalesForceAutomationTestScript1" name="todaysLeadsWork">
    <skipped/>
  </testcase> <!-- todaysLeadsWork -->
  <system-out/>
  <testcase classname="com.salesforceseleniumtest.SalesForceAutomationTestScript1" name="leadsTab">
    <skipped/>
  </testcase> <!-- leadsTab -->
  <system-out/>
</testsuite> <!-- com.salesforceseleniumtest.SalesForceAutomationTestScript1 -->
